<?xml version='1.0'?>
<ns2:test-suite xmlns:ns2='urn:model.allure.qatools.yandex.ru' start='1684831166660' stop='1684831393972'>
    <name>Testing Cart for "Oz" website</name>
    <title>Testing Cart for "Oz" website</title>
    <test-cases>
        <test-case start='1684831166660' status='passed' stop='1684831176235'>
            <name>As a user, I can add product to the cart</name>
            <title>As a user, I can add product to the cart</title>
            <labels/>
            <parameters/>
            <steps/>
            <attachments/>
        </test-case>
        <test-case start='1684831176235' status='passed' stop='1684831190115'>
            <name>As a user, I can delete all products from the cart</name>
            <title>As a user, I can delete all products from the cart</title>
            <labels/>
            <parameters/>
            <steps/>
            <attachments/>
        </test-case>
        <test-case start='1684831190115' status='failed' stop='1684831228449'>
            <name>As a user, I get correct error message when I want to checkout without Name and Surname</name>
            <title>As a user, I get correct error message when I want to checkout without Name and Surname</title>
            <labels/>
            <parameters/>
            <steps/>
            <attachments/>
            <failure>
                <message>expected undefined to equal 'Необходимо ввести фамилию, имя, отчес…'</message>
                <stack-trace>AssertionError: expected undefined to equal 'Необходимо ввести фамилию, имя, отчес…'
                    at Context.&lt;anonymous> (core\test\cartPage.test.js:57:44)</stack-trace>
            </failure>
        </test-case>
        <test-case start='1684831228449' status='failed' stop='1684831236511'>
            <name>As a user, I get correct error message when I want to checkout without filling all required fields</name>
            <title>As a user, I get correct error message when I want to checkout without filling all required fields</title>
            <labels/>
            <parameters/>
            <steps/>
            <attachments/>
            <failure>
                <message>expected undefined to equal 'Данный способ оплаты недоступен'</message>
                <stack-trace>AssertionError: expected undefined to equal 'Данный способ оплаты недоступен'
                    at Context.&lt;anonymous> (core\test\cartPage.test.js:74:41)</stack-trace>
            </failure>
        </test-case>
        <test-case start='1684831236511' status='broken' stop='1684831286768'>
            <name>As a user, I can add my Name and Surname for delivery</name>
            <title>As a user, I can add my Name and Surname for delivery</title>
            <labels/>
            <parameters/>
            <steps/>
            <attachments/>
            <failure>
                <message>Timeout of 50000ms exceeded. For async tests and hooks, ensure "done()" is called; if returning a Promise, ensure it resolves. (C:\Users\Anastasiya_Ausiankov\Desktop\Gap project\GapProject\GapProject\core\test\cartPage.test.js)</message>
                <stack-trace>Error: Timeout of 50000ms exceeded. For async tests and hooks, ensure "done()" is called; if returning a Promise, ensure it resolves. (C:\Users\Anastasiya_Ausiankov\Desktop\Gap project\GapProject\GapProject\core\test\cartPage.test.js)
                    at listOnTimeout (node:internal/timers:564:17)
                    at process.processTimers (node:internal/timers:507:7)</stack-trace>
            </failure>
        </test-case>
        <test-case start='1684831286768' status='passed' stop='1684831297062'>
            <name>As a user, I can add items to my favorites</name>
            <title>As a user, I can add items to my favorites</title>
            <labels/>
            <parameters/>
            <steps/>
            <attachments/>
        </test-case>
        <test-case start='1684831297062' status='broken' stop='1684831347292'>
            <name>As a user, Can I add a shipping address</name>
            <title>As a user, Can I add a shipping address</title>
            <labels/>
            <parameters/>
            <steps/>
            <attachments/>
            <failure>
                <message>Timeout of 50000ms exceeded. For async tests and hooks, ensure "done()" is called; if returning a Promise, ensure it resolves. (C:\Users\Anastasiya_Ausiankov\Desktop\Gap project\GapProject\GapProject\core\test\cartPage.test.js)</message>
                <stack-trace>Error: Timeout of 50000ms exceeded. For async tests and hooks, ensure "done()" is called; if returning a Promise, ensure it resolves. (C:\Users\Anastasiya_Ausiankov\Desktop\Gap project\GapProject\GapProject\core\test\cartPage.test.js)
                    at listOnTimeout (node:internal/timers:564:17)
                    at process.processTimers (node:internal/timers:507:7)</stack-trace>
            </failure>
        </test-case>
        <test-case start='1684831347292' status='failed' stop='1684831393971'>
            <name>As a user, I can add a payment method</name>
            <title>As a user, I can add a payment method</title>
            <labels/>
            <parameters/>
            <steps/>
            <attachments/>
            <failure>
                <message>expected undefined to equal 'Оплата картой рассрочки Халва'</message>
                <stack-trace>AssertionError: expected undefined to equal 'Оплата картой рассрочки Халва'
                    at Context.&lt;anonymous> (core\test\cartPage.test.js:152:43)</stack-trace>
            </failure>
        </test-case>
    </test-cases>
</ns2:test-suite>